<?xml version="1.0" encoding="UTF-8"?>
<testng-results ignored="0" total="1" passed="1" failed="0" skipped="0">
  <reporter-output>
  </reporter-output>
  <suite started-at="2023-07-20T22:39:03 GMT-04:00" name="Suite" finished-at="2023-07-20T22:39:58 GMT-04:00" duration-ms="55042">
    <groups>
    </groups>
    <test started-at="2023-07-20T22:39:03 GMT-04:00" name="Test" finished-at="2023-07-20T22:39:58 GMT-04:00" duration-ms="55042">
      <class name="testcases.TestCase">
        <test-method is-config="true" signature="beforeSuite()[pri:0, instance:testcases.TestCase@3b69e7d1]" started-at="2023-07-20T22:39:02 GMT-04:00" name="beforeSuite" finished-at="2023-07-20T22:39:03 GMT-04:00" duration-ms="1053" status="PASS">
          <reporter-output>
          </reporter-output>
        </test-method> <!-- beforeSuite -->
        <test-method is-config="true" signature="beforeTest()[pri:0, instance:testcases.TestCase@3b69e7d1]" started-at="2023-07-20T22:39:03 GMT-04:00" name="beforeTest" finished-at="2023-07-20T22:39:03 GMT-04:00" duration-ms="2" status="PASS">
          <reporter-output>
          </reporter-output>
        </test-method> <!-- beforeTest -->
        <test-method is-config="true" signature="beforeClass()[pri:0, instance:testcases.TestCase@3b69e7d1]" started-at="2023-07-20T22:39:03 GMT-04:00" name="beforeClass" finished-at="2023-07-20T22:39:03 GMT-04:00" duration-ms="1" status="PASS">
          <reporter-output>
          </reporter-output>
        </test-method> <!-- beforeClass -->
        <test-method is-config="true" signature="beforeMethod()[pri:0, instance:testcases.TestCase@3b69e7d1]" started-at="2023-07-20T22:39:03 GMT-04:00" name="beforeMethod" finished-at="2023-07-20T22:39:12 GMT-04:00" duration-ms="9043" status="PASS">
          <reporter-output>
          </reporter-output>
        </test-method> <!-- beforeMethod -->
        <test-method signature="testCase()[pri:0, instance:testcases.TestCase@3b69e7d1]" started-at="2023-07-20T22:39:12 GMT-04:00" name="testCase" finished-at="2023-07-20T22:39:58 GMT-04:00" duration-ms="45420" status="PASS">
          <reporter-output>
          </reporter-output>
        </test-method> <!-- testCase -->
        <test-method is-config="true" signature="afterMethod()[pri:0, instance:testcases.TestCase@3b69e7d1]" started-at="2023-07-20T22:39:58 GMT-04:00" name="afterMethod" finished-at="2023-07-20T22:39:58 GMT-04:00" duration-ms="513" status="PASS">
          <reporter-output>
          </reporter-output>
        </test-method> <!-- afterMethod -->
        <test-method is-config="true" signature="afterTest()[pri:0, instance:testcases.TestCase@3b69e7d1]" started-at="2023-07-20T22:39:58 GMT-04:00" name="afterTest" finished-at="2023-07-20T22:39:58 GMT-04:00" duration-ms="0" status="PASS">
          <reporter-output>
          </reporter-output>
        </test-method> <!-- afterTest -->
        <test-method is-config="true" signature="afterSuite()[pri:0, instance:testcases.TestCase@3b69e7d1]" started-at="2023-07-20T22:39:58 GMT-04:00" name="afterSuite" finished-at="2023-07-20T22:39:59 GMT-04:00" duration-ms="689" status="PASS">
          <reporter-output>
          </reporter-output>
        </test-method> <!-- afterSuite -->
      </class> <!-- testcases.TestCase -->
    </test> <!-- Test -->
  </suite> <!-- Suite -->
</testng-results>
